<?xml version="1.0" encoding="UTF-8"?>
<!-- Generated by org.testng.reporters.JUnitXMLReporter -->
<testsuite hostname="DESKTOP-AUKOFLA" ignored="0" name="Test" tests="6" failures="0" timestamp="2021-02-04T11:31:58 EET" time="0.057" errors="0">
  <testcase name="IOSApp" time="0.007" classname="mavenTest.AppiumTest"/>
  <testcase name="NativeAppAndroid" time="0.0" classname="mavenTest.AppiumTest"/>
  <testcase name="deleteTwitter" time="0.001" classname="mavenTest.RESTAPITest"/>
  <testcase name="postJira" time="0.0" classname="mavenTest.RESTAPITest"/>
  <testcase name="BrowserAutomation" time="0.0" classname="mavenTest.SeleniumTest"/>
  <testcase name="elementsUI" time="0.0" classname="mavenTest.SeleniumTest"/>
</testsuite> <!-- Test -->
